mode: atomic
translator/internal/test/translatordaomock.go:12.142,15.2 2 1
translator/internal/test/translatordaomock.go:17.137,22.2 4 1
translator/internal/dao/errors.go:13.111,17.2 1 2
translator/internal/dao/errors.go:19.61,21.2 1 0
translator/internal/dao/errors.go:28.150,33.2 1 2
translator/internal/dao/errors.go:35.70,37.2 1 0
translator/internal/dao/errors.go:44.153,49.2 1 2
translator/internal/dao/errors.go:51.71,53.2 1 0
translator/internal/dao/memory.go:22.32,26.2 1 5
translator/internal/dao/memory.go:28.134,33.23 4 106
translator/internal/dao/memory.go:38.2,39.9 2 106
translator/internal/dao/memory.go:44.2,45.23 2 106
translator/internal/dao/memory.go:49.2,53.8 2 106
translator/internal/dao/memory.go:33.23,36.3 2 2
translator/internal/dao/memory.go:39.9,42.3 2 3
translator/internal/dao/memory.go:45.23,47.3 1 2
translator/internal/dao/memory.go:56.132,58.9 2 3
translator/internal/dao/memory.go:63.2,64.9 2 2
translator/internal/dao/memory.go:69.2,70.9 2 1
translator/internal/dao/memory.go:75.2,75.8 1 0
translator/internal/dao/memory.go:58.9,61.3 2 1
translator/internal/dao/memory.go:64.9,67.3 2 1
translator/internal/dao/memory.go:70.9,73.3 2 1
translator/internal/dao/psql.go:14.87,25.16 3 5
translator/internal/dao/psql.go:28.2,29.16 2 5
translator/internal/dao/psql.go:32.2,32.8 1 5
translator/internal/dao/psql.go:25.16,27.3 1 0
translator/internal/dao/psql.go:29.16,31.3 1 0
translator/internal/dao/psql.go:39.73,41.16 2 5
translator/internal/dao/psql.go:45.2,45.21 1 5
translator/internal/dao/psql.go:41.16,42.13 1 0
translator/internal/dao/psql.go:48.132,51.16 3 10
translator/internal/dao/psql.go:55.2,65.13 2 10
translator/internal/dao/psql.go:90.2,97.14 2 10
translator/internal/dao/psql.go:104.2,105.13 2 9
translator/internal/dao/psql.go:111.2,112.8 2 9
translator/internal/dao/psql.go:51.16,53.3 1 0
translator/internal/dao/psql.go:65.13,77.15 3 5
translator/internal/dao/psql.go:83.3,84.14 2 5
translator/internal/dao/psql.go:77.15,81.4 3 0
translator/internal/dao/psql.go:84.14,88.4 3 0
translator/internal/dao/psql.go:97.14,98.126 1 1
translator/internal/dao/psql.go:101.3,102.9 2 1
translator/internal/dao/psql.go:98.126,100.4 1 0
translator/internal/dao/psql.go:105.13,109.3 3 0
translator/internal/dao/psql.go:115.130,129.18 2 5
translator/internal/dao/psql.go:132.2,132.8 1 5
translator/internal/dao/psql.go:129.18,131.3 1 1
translator/internal/test/userstory/printread.go:12.55,14.16 2 272
translator/internal/test/userstory/printread.go:17.2,17.8 1 272
translator/internal/test/userstory/printread.go:14.16,16.3 1 270
